CRITICAL - 2024-01-10 06:36:25 --> ErrorException: Undefined variable $users
in APPPATH\Views\registration_form.php on line 63.
 1 APPPATH\Views\registration_form.php(63): CodeIgniter\Debug\Exceptions->errorHandler(2, 'Undefined variable $users', 'C:\\xampp\\htdocs\\c4\\app\\Views\\registration_form.php', 63)
 2 SYSTEMPATH\View\View.php(228): include('C:\\xampp\\htdocs\\c4\\app\\Views\\registration_form.php')
 3 SYSTEMPATH\View\View.php(231): CodeIgniter\View\View->CodeIgniter\View\{closure}()
 4 SYSTEMPATH\Common.php(1178): CodeIgniter\View\View->render('registration_form', [], true)
 5 APPPATH\Controllers\registration.php(12): view('registration_form')
 6 SYSTEMPATH\CodeIgniter.php(941): App\Controllers\Registration->index()
 7 SYSTEMPATH\CodeIgniter.php(502): CodeIgniter\CodeIgniter->runController(Object(App\Controllers\Registration))
 8 SYSTEMPATH\CodeIgniter.php(361): CodeIgniter\CodeIgniter->handleRequest(null, Object(Config\Cache), false)
 9 FCPATH\index.php(79): CodeIgniter\CodeIgniter->run()
CRITICAL - 2024-01-10 06:36:58 --> ErrorException: Undefined variable $users
in APPPATH\Views\registration_form.php on line 63.
 1 APPPATH\Views\registration_form.php(63): CodeIgniter\Debug\Exceptions->errorHandler(2, 'Undefined variable $users', 'C:\\xampp\\htdocs\\c4\\app\\Views\\registration_form.php', 63)
 2 SYSTEMPATH\View\View.php(228): include('C:\\xampp\\htdocs\\c4\\app\\Views\\registration_form.php')
 3 SYSTEMPATH\View\View.php(231): CodeIgniter\View\View->CodeIgniter\View\{closure}()
 4 SYSTEMPATH\Common.php(1178): CodeIgniter\View\View->render('registration_form', [], true)
 5 APPPATH\Controllers\registration.php(12): view('registration_form')
 6 SYSTEMPATH\CodeIgniter.php(941): App\Controllers\Registration->index()
 7 SYSTEMPATH\CodeIgniter.php(502): CodeIgniter\CodeIgniter->runController(Object(App\Controllers\Registration))
 8 SYSTEMPATH\CodeIgniter.php(361): CodeIgniter\CodeIgniter->handleRequest(null, Object(Config\Cache), false)
 9 FCPATH\index.php(79): CodeIgniter\CodeIgniter->run()
CRITICAL - 2024-01-10 06:39:09 --> ErrorException: Undefined variable $users
in APPPATH\Views\registration_form.php on line 55.
 1 APPPATH\Views\registration_form.php(55): CodeIgniter\Debug\Exceptions->errorHandler(2, 'Undefined variable $users', 'C:\\xampp\\htdocs\\c4\\app\\Views\\registration_form.php', 55)
 2 SYSTEMPATH\View\View.php(228): include('C:\\xampp\\htdocs\\c4\\app\\Views\\registration_form.php')
 3 SYSTEMPATH\View\View.php(231): CodeIgniter\View\View->CodeIgniter\View\{closure}()
 4 SYSTEMPATH\Common.php(1178): CodeIgniter\View\View->render('registration_form', [], true)
 5 APPPATH\Controllers\registration.php(12): view('registration_form')
 6 SYSTEMPATH\CodeIgniter.php(941): App\Controllers\Registration->index()
 7 SYSTEMPATH\CodeIgniter.php(502): CodeIgniter\CodeIgniter->runController(Object(App\Controllers\Registration))
 8 SYSTEMPATH\CodeIgniter.php(361): CodeIgniter\CodeIgniter->handleRequest(null, Object(Config\Cache), false)
 9 FCPATH\index.php(79): CodeIgniter\CodeIgniter->run()
CRITICAL - 2024-01-10 10:13:55 --> BadMethodCallException: Call to undefined method App\Models\UserModel::freshTimestamp
in SYSTEMPATH\Model.php on line 874.
 1 APPPATH\Controllers\registration.php(146): CodeIgniter\Model->__call('freshTimestamp', [])
 2 SYSTEMPATH\CodeIgniter.php(941): App\Controllers\Registration->update('16')
 3 SYSTEMPATH\CodeIgniter.php(502): CodeIgniter\CodeIgniter->runController(Object(App\Controllers\Registration))
 4 SYSTEMPATH\CodeIgniter.php(361): CodeIgniter\CodeIgniter->handleRequest(null, Object(Config\Cache), false)
 5 FCPATH\index.php(79): CodeIgniter\CodeIgniter->run()
CRITICAL - 2024-01-10 10:14:08 --> BadMethodCallException: Call to undefined method App\Models\UserModel::freshTimestamp
in SYSTEMPATH\Model.php on line 874.
 1 APPPATH\Controllers\registration.php(146): CodeIgniter\Model->__call('freshTimestamp', [])
 2 SYSTEMPATH\CodeIgniter.php(941): App\Controllers\Registration->update('16')
 3 SYSTEMPATH\CodeIgniter.php(502): CodeIgniter\CodeIgniter->runController(Object(App\Controllers\Registration))
 4 SYSTEMPATH\CodeIgniter.php(361): CodeIgniter\CodeIgniter->handleRequest(null, Object(Config\Cache), false)
 5 FCPATH\index.php(79): CodeIgniter\CodeIgniter->run()
